<?xml version="1.0" encoding="UTF-8"?>
<!-- Generated by org.testng.reporters.JUnitReportReporter -->
<testsuite hostname="ShangJuns-MacBook-Pro.local" name="com.bimanywhere.RegisterNewUser" tests="1" failures="0" timestamp="28 Feb 2016 06:42:28 GMT" time="19.903" errors="0">
  <testcase name="userReg" time="19.903" classname="com.bimanywhere.RegisterNewUser"/>
</testsuite> <!-- com.bimanywhere.RegisterNewUser -->
