<?xml version="1.0" encoding="UTF-8"?>
<!-- Generated by org.testng.reporters.JUnitReportReporter -->
<testsuite hostname="ShangJuns-MacBook-Pro.local" name="com.selenium.NewTest" tests="1" failures="0" timestamp="28 Feb 2016 03:17:10 GMT" time="2.524" errors="0">
  <testcase name="f" time="2.524" classname="com.selenium.NewTest"/>
</testsuite> <!-- com.selenium.NewTest -->
