<?xml version="1.0" encoding="UTF-8"?>
<!-- Generated by org.testng.reporters.JUnitReportReporter -->
<testsuite hostname="ShangJuns-MacBook-Pro.local" name="com.bimanywhere.UserLogin" tests="1" failures="0" timestamp="28 Feb 2016 06:41:15 GMT" time="5.999" errors="0">
  <testcase name="userlogin" time="5.999" classname="com.bimanywhere.UserLogin"/>
</testsuite> <!-- com.bimanywhere.UserLogin -->
